<?xml version="1.0" encoding="UTF-8"?>
<testsuite name="com.example.client.pact.FournisseurContractTests" tests="1" skipped="0" failures="0" errors="0" timestamp="2022-03-16T10:53:25" hostname="DESKTOP-GUUQG48" time="2.902">
  <properties/>
  <testcase name="testGetItemDetailsFromRetailer" classname="com.example.client.pact.FournisseurContractTests" time="2.902"/>
  <system-out><![CDATA[11:53:20.348 [Test worker] DEBUG org.springframework.test.annotation.ProfileValueUtils - Retrieved @ProfileValueSourceConfiguration [null] for test class [com.example.client.pact.FournisseurContractTests]
11:53:20.348 [Test worker] DEBUG org.springframework.test.annotation.ProfileValueUtils - Retrieved ProfileValueSource type [class org.springframework.test.annotation.SystemProfileValueSource] for class [com.example.client.pact.FournisseurContractTests]
11:53:20.349 [Test worker] DEBUG org.springframework.test.annotation.ProfileValueUtils - Retrieved @ProfileValueSourceConfiguration [null] for test class [com.example.client.pact.FournisseurContractTests]
11:53:20.350 [Test worker] DEBUG org.springframework.test.annotation.ProfileValueUtils - Retrieved ProfileValueSource type [class org.springframework.test.annotation.SystemProfileValueSource] for class [com.example.client.pact.FournisseurContractTests]
11:53:20.357 [Test worker] DEBUG org.springframework.test.context.support.AbstractDirtiesContextTestExecutionListener - Before test class: context [DefaultTestContext@30ed9c6c testClass = FournisseurContractTests, testInstance = [null], testMethod = [null], testException = [null], mergedContextConfiguration = [WebMergedContextConfiguration@782a4fff testClass = FournisseurContractTests, locations = '{}', classes = '{class com.example.client.ClientApplication}', contextInitializerClasses = '[]', activeProfiles = '{}', propertySourceLocations = '{}', propertySourceProperties = '{org.springframework.boot.test.context.SpringBootTestContextBootstrapper=true}', contextCustomizers = set[org.springframework.boot.test.autoconfigure.properties.PropertyMappingContextCustomizer@0, org.springframework.boot.test.autoconfigure.web.servlet.WebDriverContextCustomizerFactory$Customizer@15713d56, org.springframework.boot.test.context.filter.ExcludeFilterContextCustomizer@78d6692f, org.springframework.boot.test.json.DuplicateJsonObjectContextCustomizerFactory$DuplicateJsonObjectContextCustomizer@492691d7, org.springframework.boot.test.mock.mockito.MockitoContextCustomizer@0, org.springframework.boot.test.web.client.TestRestTemplateContextCustomizer@14fc1f0, org.springframework.boot.test.web.reactive.server.WebTestClientContextCustomizer@60856961, org.springframework.boot.test.context.SpringBootTestArgs@1], resourceBasePath = 'src/main/webapp', contextLoader = 'org.springframework.boot.test.context.SpringBootContextLoader', parent = [null]], attributes = map['org.springframework.test.context.web.ServletTestExecutionListener.activateListener' -> true]], class annotated with @DirtiesContext [false] with mode [null].
11:53:20.360 [Test worker] DEBUG org.springframework.test.annotation.ProfileValueUtils - Retrieved @ProfileValueSourceConfiguration [null] for test class [com.example.client.pact.FournisseurContractTests]
11:53:20.361 [Test worker] DEBUG org.springframework.test.annotation.ProfileValueUtils - Retrieved ProfileValueSource type [class org.springframework.test.annotation.SystemProfileValueSource] for class [com.example.client.pact.FournisseurContractTests]
11:53:20.906 [Test worker] DEBUG org.springframework.test.context.support.TestPropertySourceUtils - Adding inlined properties to environment: {spring.jmx.enabled=false, org.springframework.boot.test.context.SpringBootTestContextBootstrapper=true}

  .   ____          _            __ _ _
 /\\ / ___'_ __ _ _(_)_ __  __ _ \ \ \ \
( ( )\___ | '_ | '_| | '_ \/ _` | \ \ \ \
 \\/  ___)| |_)| | | | | || (_| |  ) ) ) )
  '  |____| .__|_| |_|_| |_\__, | / / / /
 =========|_|==============|___/=/_/_/_/
 :: Spring Boot ::        (v2.3.1.RELEASE)

2022-03-16 11:53:21.419  WARN 6420 --- [    Test worker] ory$DuplicateJsonObjectContextCustomizer : 

Found multiple occurrences of org.json.JSONObject on the class path:

	jar:file:/C:/Users/dynot/.gradle/caches/modules-2/files-2.1/org.json/json/20160212/a742e3f85161835b95877478c5dd5b405cefaab9/json-20160212.jar!/org/json/JSONObject.class
	jar:file:/C:/Users/dynot/.gradle/caches/modules-2/files-2.1/com.vaadin.external.google/android-json/0.0.20131108.vaadin1/fa26d351fe62a6a17f5cda1287c1c6110dec413f/android-json-0.0.20131108.vaadin1.jar!/org/json/JSONObject.class

You may wish to exclude one of them to ensure predictable runtime behavior

2022-03-16 11:53:21.448  INFO 6420 --- [    Test worker] c.e.c.pact.FournisseurContractTests      : Starting FournisseurContractTests on DESKTOP-GUUQG48 with PID 6420 (started by dynot in C:\Users\dynot\Desktop\projets\Pact Broker\TestPact\client)
2022-03-16 11:53:21.450  INFO 6420 --- [    Test worker] c.e.c.pact.FournisseurContractTests      : No active profile set, falling back to default profiles: default
2022-03-16 11:53:24.398  INFO 6420 --- [    Test worker] o.s.s.concurrent.ThreadPoolTaskExecutor  : Initializing ExecutorService 'applicationTaskExecutor'
2022-03-16 11:53:25.817  INFO 6420 --- [    Test worker] c.e.c.pact.FournisseurContractTests      : Started FournisseurContractTests in 4.888 seconds (JVM running for 8.915)
]]></system-out>
  <system-err><![CDATA[]]></system-err>
</testsuite>
