<?xml version="1.0" encoding="UTF-8"?>
<testsuite name="com.example.client.pact.FournisseurContractTests" tests="1" skipped="0" failures="0" errors="0" timestamp="2022-05-24T21:03:19" hostname="DESKTOP-GUUQG48" time="1.753">
  <properties/>
  <testcase name="testGetItemDetailsFromRetailer" classname="com.example.client.pact.FournisseurContractTests" time="1.753"/>
  <system-out><![CDATA[23:03:15.910 [Test worker] DEBUG org.springframework.test.annotation.ProfileValueUtils - Retrieved @ProfileValueSourceConfiguration [null] for test class [com.example.client.pact.FournisseurContractTests]
23:03:15.911 [Test worker] DEBUG org.springframework.test.annotation.ProfileValueUtils - Retrieved ProfileValueSource type [class org.springframework.test.annotation.SystemProfileValueSource] for class [com.example.client.pact.FournisseurContractTests]
23:03:15.912 [Test worker] DEBUG org.springframework.test.annotation.ProfileValueUtils - Retrieved @ProfileValueSourceConfiguration [null] for test class [com.example.client.pact.FournisseurContractTests]
23:03:15.912 [Test worker] DEBUG org.springframework.test.annotation.ProfileValueUtils - Retrieved ProfileValueSource type [class org.springframework.test.annotation.SystemProfileValueSource] for class [com.example.client.pact.FournisseurContractTests]
23:03:15.916 [Test worker] DEBUG org.springframework.test.context.support.AbstractDirtiesContextTestExecutionListener - Before test class: context [DefaultTestContext@78d50a3c testClass = FournisseurContractTests, testInstance = [null], testMethod = [null], testException = [null], mergedContextConfiguration = [WebMergedContextConfiguration@2fb69ff6 testClass = FournisseurContractTests, locations = '{}', classes = '{class com.example.client.ClientApplication}', contextInitializerClasses = '[]', activeProfiles = '{}', propertySourceLocations = '{}', propertySourceProperties = '{org.springframework.boot.test.context.SpringBootTestContextBootstrapper=true}', contextCustomizers = set[org.springframework.boot.test.autoconfigure.properties.PropertyMappingContextCustomizer@0, org.springframework.boot.test.autoconfigure.web.servlet.WebDriverContextCustomizerFactory$Customizer@47a86fbb, org.springframework.boot.test.context.filter.ExcludeFilterContextCustomizer@73dce0e6, org.springframework.boot.test.json.DuplicateJsonObjectContextCustomizerFactory$DuplicateJsonObjectContextCustomizer@4795ded0, org.springframework.boot.test.mock.mockito.MockitoContextCustomizer@0, org.springframework.boot.test.web.client.TestRestTemplateContextCustomizer@18cebaa5, org.springframework.boot.test.web.reactive.server.WebTestClientContextCustomizer@7ec3394b, org.springframework.boot.test.context.SpringBootTestArgs@1], resourceBasePath = 'src/main/webapp', contextLoader = 'org.springframework.boot.test.context.SpringBootContextLoader', parent = [null]], attributes = map['org.springframework.test.context.web.ServletTestExecutionListener.activateListener' -> true]], class annotated with @DirtiesContext [false] with mode [null].
23:03:15.918 [Test worker] DEBUG org.springframework.test.annotation.ProfileValueUtils - Retrieved @ProfileValueSourceConfiguration [null] for test class [com.example.client.pact.FournisseurContractTests]
23:03:15.918 [Test worker] DEBUG org.springframework.test.annotation.ProfileValueUtils - Retrieved ProfileValueSource type [class org.springframework.test.annotation.SystemProfileValueSource] for class [com.example.client.pact.FournisseurContractTests]
23:03:16.254 [Test worker] DEBUG org.springframework.test.context.support.TestPropertySourceUtils - Adding inlined properties to environment: {spring.jmx.enabled=false, org.springframework.boot.test.context.SpringBootTestContextBootstrapper=true}

  .   ____          _            __ _ _
 /\\ / ___'_ __ _ _(_)_ __  __ _ \ \ \ \
( ( )\___ | '_ | '_| | '_ \/ _` | \ \ \ \
 \\/  ___)| |_)| | | | | || (_| |  ) ) ) )
  '  |____| .__|_| |_|_| |_\__, | / / / /
 =========|_|==============|___/=/_/_/_/
 :: Spring Boot ::        (v2.3.2.RELEASE)

2022-05-24 23:03:16.644  WARN 7088 --- [    Test worker] ory$DuplicateJsonObjectContextCustomizer : 

Found multiple occurrences of org.json.JSONObject on the class path:

	jar:file:/C:/Users/dynot/.gradle/caches/modules-2/files-2.1/org.json/json/20160212/a742e3f85161835b95877478c5dd5b405cefaab9/json-20160212.jar!/org/json/JSONObject.class
	jar:file:/C:/Users/dynot/.gradle/caches/modules-2/files-2.1/com.vaadin.external.google/android-json/0.0.20131108.vaadin1/fa26d351fe62a6a17f5cda1287c1c6110dec413f/android-json-0.0.20131108.vaadin1.jar!/org/json/JSONObject.class

You may wish to exclude one of them to ensure predictable runtime behavior

2022-05-24 23:03:16.675  INFO 7088 --- [    Test worker] c.e.c.pact.FournisseurContractTests      : Starting FournisseurContractTests on DESKTOP-GUUQG48 with PID 7088 (started by dynot in C:\Users\dynot\Desktop\projets\pact_contract_testing\2clientPour2service\client_artiste)
2022-05-24 23:03:16.676  INFO 7088 --- [    Test worker] c.e.c.pact.FournisseurContractTests      : No active profile set, falling back to default profiles: default
2022-05-24 23:03:18.268  INFO 7088 --- [    Test worker] o.s.s.concurrent.ThreadPoolTaskExecutor  : Initializing ExecutorService 'applicationTaskExecutor'
2022-05-24 23:03:19.024  INFO 7088 --- [    Test worker] c.e.c.pact.FournisseurContractTests      : Started FournisseurContractTests in 2.757 seconds (JVM running for 5.124)
]]></system-out>
  <system-err><![CDATA[]]></system-err>
</testsuite>
